#-----------------------------------------------------------
# Vivado v2019.2 (64-bit)
# SW Build 2708876 on Wed Nov  6 21:40:23 MST 2019
# IP Build 2700528 on Thu Nov  7 00:09:20 MST 2019
# Start of session at: Fri Apr  1 13:35:23 2022
# Process ID: 12152
# Current directory: C:/Users/brianra/OneDrive - BYU-Idaho/School/2022 Winter/ECEN 340/Final Project/Final Project New
# Command line: vivado.exe -gui_launcher_event rodinguilauncherevent15164 C:\Users\brianra\OneDrive - BYU-Idaho\School\2022 Winter\ECEN 340\Final Project\Final Project New\Final Project New.xpr
# Log file: C:/Users/brianra/OneDrive - BYU-Idaho/School/2022 Winter/ECEN 340/Final Project/Final Project New/vivado.log
# Journal file: C:/Users/brianra/OneDrive - BYU-Idaho/School/2022 Winter/ECEN 340/Final Project/Final Project New\vivado.jou
#-----------------------------------------------------------
start_gui
open_project {C:/Users/brianra/OneDrive - BYU-Idaho/School/2022 Winter/ECEN 340/Final Project/Final Project New/Final Project New.xpr}
INFO: [ProjectBase 1-489] The host OS only allows 260 characters in a normal path. The project is stored in a path with more than 80 characters. If you experience issues with IP, Block Designs, or files not being found, please consider moving the project to a location with a shorter path. Alternately consider using the OS subst command to map part of the path to a drive letter.
Current project path is 'C:/Users/brianra/OneDrive - BYU-Idaho/School/2022 Winter/ECEN 340/Final Project/Final Project New'
INFO: [Project 1-313] Project file moved from 'C:/Users/Brian/OneDrive/Documents/OneDrive_2022-04-01/Final Project New' since last save.
CRITICAL WARNING: [Project 1-311] Could not find the file 'C:/Users/brianra/OneDrive - BYU-Idaho/School/2022 Winter/ECEN 340/Final Project/Final Project/ver. 2022/Final Project_2019/Final Project_2019.srcs/sources_1/new/PS2_interface.v', nor could it be found using path 'C:/Users/Brian/OneDrive/Documents/OneDrive_2022-04-01/Final Project/ver. 2022/Final Project_2019/Final Project_2019.srcs/sources_1/new/PS2_interface.v'.
CRITICAL WARNING: [Project 1-311] Could not find the file 'C:/Users/brianra/OneDrive - BYU-Idaho/School/2022 Winter/ECEN 340/Final Project/Final Project/clk_gen.v', nor could it be found using path 'C:/Users/Brian/OneDrive/Documents/OneDrive_2022-04-01/Final Project/clk_gen.v'.
CRITICAL WARNING: [Project 1-311] Could not find the file 'C:/Users/brianra/OneDrive - BYU-Idaho/School/2022 Winter/ECEN 340/Final Project/Final Project/sseg/digit_selector.v', nor could it be found using path 'C:/Users/Brian/OneDrive/Documents/OneDrive_2022-04-01/Final Project/sseg/digit_selector.v'.
CRITICAL WARNING: [Project 1-311] Could not find the file 'C:/Users/brianra/OneDrive - BYU-Idaho/School/2022 Winter/ECEN 340/Final Project/Final Project/ver. 2022/Final Project_2019/Final Project_2019.srcs/sources_1/new/mouse_data.v', nor could it be found using path 'C:/Users/Brian/OneDrive/Documents/OneDrive_2022-04-01/Final Project/ver. 2022/Final Project_2019/Final Project_2019.srcs/sources_1/new/mouse_data.v'.
CRITICAL WARNING: [Project 1-311] Could not find the file 'C:/Users/brianra/OneDrive - BYU-Idaho/School/2022 Winter/ECEN 340/Final Project/Final Project/ver. 2022/Final Project_2019/Final Project_2019.srcs/sources_1/new/num_generator.v', nor could it be found using path 'C:/Users/Brian/OneDrive/Documents/OneDrive_2022-04-01/Final Project/ver. 2022/Final Project_2019/Final Project_2019.srcs/sources_1/new/num_generator.v'.
CRITICAL WARNING: [Project 1-311] Could not find the file 'C:/Users/brianra/OneDrive - BYU-Idaho/School/2022 Winter/ECEN 340/Final Project/Final Project/sseg/sseg_display.v', nor could it be found using path 'C:/Users/Brian/OneDrive/Documents/OneDrive_2022-04-01/Final Project/sseg/sseg_display.v'.
CRITICAL WARNING: [Project 1-311] Could not find the file 'C:/Users/brianra/OneDrive - BYU-Idaho/School/2022 Winter/ECEN 340/Final Project/Final Project/ver. 2022/Final Project_2019/Final Project_2019.srcs/sources_1/new/control_top.v', nor could it be found using path 'C:/Users/Brian/OneDrive/Documents/OneDrive_2022-04-01/Final Project/ver. 2022/Final Project_2019/Final Project_2019.srcs/sources_1/new/control_top.v'.
ERROR: [Project 1-208] No val for DA Elab Attr
ERROR: [Runs 36-378] The checkpoint 'C:/Users/brianra/OneDrive - BYU-Idaho/School/2022 Winter/ECEN 340/Final Project/Final Project New/Final Project New.srcs/utils_1/imports/synth_1/control_top.dcp' was created with 'Vivado v2021.2 (64-bit)', and cannot be opened in this version.
exit
INFO: [Common 17-206] Exiting Vivado at Fri Apr  1 13:36:37 2022...
